<?xml version="1.0" encoding="UTF-8"?>
<!-- Generated by org.testng.reporters.JUnitReportReporter -->
<testsuite skipped="0" hostname="minds" name="com.Demo1.Maven.MVNclass" tests="1" failures="0" timestamp="07 Sep 2018 11:15:43 GMT" time="0.015" errors="0">
  <testcase name="simple" time="0.015" classname="com.Demo1.Maven.MVNclass"/>
</testsuite> <!-- com.Demo1.Maven.MVNclass -->
