<?xml version="1.0" encoding="UTF-8"?>
<!-- Generated by org.testng.reporters.JUnitReportReporter -->
<testsuite skipped="0" hostname="minds" name="com.Demo1.Maven.MVNclass" tests="1" failures="0" timestamp="07 Sep 2018 11:39:28 GMT" time="11.359" errors="0">
  <testcase name="test" time="11.359" classname="com.Demo1.Maven.MVNclass"/>
</testsuite> <!-- com.Demo1.Maven.MVNclass -->
